Using pre-set license
Built from '2020.3/staging' branch; Version is '2020.3.45f1 (660cd1701bd5) revision 6687953'; Using compiler version '192528614'; Build Type 'Release'
OS: 'Windows 11  (10.0.22621) 64bit Core' Language: 'ko' Physical Memory: 16151 MB
BatchMode: 1, IsHumanControllingUs: 0, StartBugReporterOnCrash: 0, Is64bit: 1, IsPro: 0

COMMAND LINE ARGUMENTS:
C:\Program Files\Unity\Hub\Editor\2020.3.45f1\Editor\Unity.exe
-adb2
-batchMode
-noUpm
-name
AssetImportWorker0
-projectPath
C:/Users/octoj/pracOC
-logFile
Logs/AssetImportWorker0.log
-srvPort
63747
Successfully changed project path to: C:/Users/octoj/pracOC
C:/Users/octoj/pracOC
Using Asset Import Pipeline V2.
Player connection [18452] Host "[IP] 192.168.1.170 [Port] 73 [Flags] 2 [Guid] 1528870709 [EditorId] 1528870709 [Version] 1048832 [Id] WindowsEditor(7,LAPTOP-MPC2B36E) [Debug] 1 [PackageName] WindowsEditor [ProjectName] Editor" joined multi-casting on [225.0.0.222:54997]...

Player connection [18452] Host "[IP] 192.168.1.170 [Port] 73 [Flags] 2 [Guid] 1528870709 [EditorId] 1528870709 [Version] 1048832 [Id] WindowsEditor(7,LAPTOP-MPC2B36E) [Debug] 1 [PackageName] WindowsEditor [ProjectName] Editor" joined alternative multi-casting on [225.0.0.222:34997]...

Refreshing native plugins compatible for Editor in 50.09 ms, found 3 plugins.
Preloading 0 native plugins for Editor in 0.00 ms.
Initialize engine version: 2020.3.45f1 (660cd1701bd5)
[Subsystems] Discovering subsystems at path C:/Program Files/Unity/Hub/Editor/2020.3.45f1/Editor/Data/Resources/UnitySubsystems
[Subsystems] Discovering subsystems at path C:/Users/octoj/pracOC/Assets
GfxDevice: creating device client; threaded=0
Direct3D:
    Version:  Direct3D 11.0 [level 11.1]
    Renderer: NVIDIA GeForce RTX 3060 Laptop GPU (ID=0x2560)
    Vendor:   
    VRAM:     6023 MB
    Driver:   30.0.15.1236
Initialize mono
Mono path[0] = 'C:/Program Files/Unity/Hub/Editor/2020.3.45f1/Editor/Data/Managed'
Mono path[1] = 'C:/Program Files/Unity/Hub/Editor/2020.3.45f1/Editor/Data/MonoBleedingEdge/lib/mono/unityjit'
Mono config path = 'C:/Program Files/Unity/Hub/Editor/2020.3.45f1/Editor/Data/MonoBleedingEdge/etc'
Using monoOptions --debugger-agent=transport=dt_socket,embedding=1,server=y,suspend=n,address=127.0.0.1:56388
Begin MonoManager ReloadAssembly
Registering precompiled unity dll's ...
Register platform support module: C:/Program Files/Unity/Hub/Editor/2020.3.45f1/Editor/Data/PlaybackEngines/WindowsStandaloneSupport/UnityEditor.WindowsStandalone.Extensions.dll
Registered in 0.001349 seconds.
Native extension for WindowsStandalone target not found
Refreshing native plugins compatible for Editor in 45.41 ms, found 3 plugins.
Preloading 0 native plugins for Editor in 0.00 ms.
Mono: successfully reloaded assembly
- Completed reload, in  0.635 seconds
Domain Reload Profiling:
	ReloadAssembly (635ms)
		BeginReloadAssembly (59ms)
			ExecutionOrderSort (0ms)
			DisableScriptedObjects (0ms)
			BackupInstance (0ms)
			ReleaseScriptingObjects (0ms)
			CreateAndSetChildDomain (1ms)
		EndReloadAssembly (491ms)
			LoadAssemblies (57ms)
			RebuildTransferFunctionScriptingTraits (0ms)
			SetupTypeCache (164ms)
			ReleaseScriptCaches (0ms)
			RebuildScriptCaches (24ms)
			SetupLoadedEditorAssemblies (192ms)
				LogAssemblyErrors (0ms)
				InitializePlatformSupportModulesInManaged (3ms)
				SetLoadedEditorAssemblies (0ms)
				RefreshPlugins (46ms)
				BeforeProcessingInitializeOnLoad (22ms)
				ProcessInitializeOnLoadAttributes (87ms)
				ProcessInitializeOnLoadMethodAttributes (33ms)
				AfterProcessingInitializeOnLoad (0ms)
				EditorAssembliesLoaded (0ms)
			ExecutionOrderSort2 (0ms)
			AwakeInstancesAfterBackupRestoration (0ms)
Platform modules already initialized, skipping
Registering precompiled user dll's ...
Registered in 0.004765 seconds.
Begin MonoManager ReloadAssembly
Native extension for WindowsStandalone target not found
Refreshing native plugins compatible for Editor in 45.73 ms, found 3 plugins.
Preloading 0 native plugins for Editor in 0.00 ms.
Mono: successfully reloaded assembly
- Completed reload, in  1.130 seconds
Domain Reload Profiling:
	ReloadAssembly (1131ms)
		BeginReloadAssembly (151ms)
			ExecutionOrderSort (0ms)
			DisableScriptedObjects (5ms)
			BackupInstance (0ms)
			ReleaseScriptingObjects (0ms)
			CreateAndSetChildDomain (23ms)
		EndReloadAssembly (902ms)
			LoadAssemblies (109ms)
			RebuildTransferFunctionScriptingTraits (0ms)
			SetupTypeCache (290ms)
			ReleaseScriptCaches (0ms)
			RebuildScriptCaches (43ms)
			SetupLoadedEditorAssemblies (368ms)
				LogAssemblyErrors (0ms)
				InitializePlatformSupportModulesInManaged (3ms)
				SetLoadedEditorAssemblies (0ms)
				RefreshPlugins (46ms)
				BeforeProcessingInitializeOnLoad (81ms)
				ProcessInitializeOnLoadAttributes (220ms)
				ProcessInitializeOnLoadMethodAttributes (14ms)
				AfterProcessingInitializeOnLoad (4ms)
				EditorAssembliesLoaded (0ms)
			ExecutionOrderSort2 (0ms)
			AwakeInstancesAfterBackupRestoration (2ms)
Platform modules already initialized, skipping
========================================================================
Worker process is ready to serve import requests
Launched and connected shader compiler UnityShaderCompiler.exe after 0.04 seconds
Refreshing native plugins compatible for Editor in 0.66 ms, found 3 plugins.
Preloading 0 native plugins for Editor in 0.00 ms.
Unloading 2019 Unused Serialized files (Serialized files now loaded: 0)
System memory in use before: 94.8 MB.
System memory in use after: 94.7 MB.

Unloading 31 unused Assets to reduce memory usage. Loaded Objects now: 2451.
Total: 4.188400 ms (FindLiveObjects: 0.199800 ms CreateObjectMapping: 0.088200 ms MarkObjects: 3.699900 ms  DeleteObjects: 0.199100 ms)

AssetImportParameters requested are different than current active one (requested -> active):
  custom:framework-win-MediaFoundation: 216162199b28c13a410421893ffa2e32 -> 
  custom:video-decoder-ogg-theora: a1e56fd34408186e4bbccfd4996cb3dc -> 
  custom:container-muxer-webm: aa71ff27fc2769a1b78a27578f13a17b -> 
  custom:container-demuxer-webm: 4f35f7cbe854078d1ac9338744f61a02 -> 
  custom:container-demuxer-ogg: 62fdf1f143b41e24485cea50d1cbac27 -> 
  custom:video-encoder-webm-vp8: eb34c28f22e8b96e1ab97ce403110664 -> 
  custom:video-codec-MediaFoundation-h265: 746d11721c4dcdbdad8f713fa42b33f4 -> 
  custom:video-decoder-webm-vp8: 9c59270c3fd7afecdb556c50c9e8de78 -> 
  custom:audio-decoder-ogg-vorbis: bf7c407c2cedff20999df2af8eb42d56 -> 
  custom:audio-encoder-webm-vorbis: bf7c407c2cedff20999df2af8eb42d56 -> 
========================================================================
Received Import Request.
  path: Assets/Scripts/PlayerMove.cs
  artifactKey: Guid(448065784665ea24a99f2f32f6df826f) Importer(815301076,1909f56bfc062723c751e8b465ee728b)
Start importing Assets/Scripts/PlayerMove.cs using Guid(448065784665ea24a99f2f32f6df826f) Importer(815301076,1909f56bfc062723c751e8b465ee728b)  -> (artifact id: '7693f5661c3ea52929be223eded12a41') in 0.039029 seconds 
========================================================================
Received Import Request.
  Time since last request: 34.654375 seconds.
  path: Assets/Scripts/PlayerMove.cs
  artifactKey: Guid(448065784665ea24a99f2f32f6df826f) Importer(815301076,1909f56bfc062723c751e8b465ee728b)
Start importing Assets/Scripts/PlayerMove.cs using Guid(448065784665ea24a99f2f32f6df826f) Importer(815301076,1909f56bfc062723c751e8b465ee728b)  -> (artifact id: 'fd9df9be0f5ace8d5ef556a954f191ec') in 0.004132 seconds 
========================================================================
Received Prepare
Registering precompiled user dll's ...
Registered in 0.005774 seconds.
Begin MonoManager ReloadAssembly
Native extension for WindowsStandalone target not found
Refreshing native plugins compatible for Editor in 0.60 ms, found 3 plugins.
Preloading 0 native plugins for Editor in 0.00 ms.
Mono: successfully reloaded assembly
- Completed reload, in  1.399 seconds
Domain Reload Profiling:
	ReloadAssembly (1400ms)
		BeginReloadAssembly (215ms)
			ExecutionOrderSort (0ms)
			DisableScriptedObjects (12ms)
			BackupInstance (0ms)
			ReleaseScriptingObjects (0ms)
			CreateAndSetChildDomain (63ms)
		EndReloadAssembly (1060ms)
			LoadAssemblies (183ms)
			RebuildTransferFunctionScriptingTraits (0ms)
			SetupTypeCache (514ms)
			ReleaseScriptCaches (2ms)
			RebuildScriptCaches (63ms)
			SetupLoadedEditorAssemblies (266ms)
				LogAssemblyErrors (0ms)
				InitializePlatformSupportModulesInManaged (4ms)
				SetLoadedEditorAssemblies (1ms)
				RefreshPlugins (1ms)
				BeforeProcessingInitializeOnLoad (74ms)
				ProcessInitializeOnLoadAttributes (168ms)
				ProcessInitializeOnLoadMethodAttributes (12ms)
				AfterProcessingInitializeOnLoad (6ms)
				EditorAssembliesLoaded (0ms)
			ExecutionOrderSort2 (0ms)
			AwakeInstancesAfterBackupRestoration (5ms)
Platform modules already initialized, skipping
Refreshing native plugins compatible for Editor in 0.55 ms, found 3 plugins.
Preloading 0 native plugins for Editor in 0.00 ms.
Unloading 2014 Unused Serialized files (Serialized files now loaded: 0)
System memory in use before: 94.7 MB.
System memory in use after: 94.7 MB.

Unloading 20 unused Assets to reduce memory usage. Loaded Objects now: 2454.
Total: 3.246000 ms (FindLiveObjects: 0.186100 ms CreateObjectMapping: 0.059800 ms MarkObjects: 2.892500 ms  DeleteObjects: 0.106600 ms)

AssetImportParameters requested are different than current active one (requested -> active):
  custom:framework-win-MediaFoundation: 216162199b28c13a410421893ffa2e32 -> 
  custom:video-decoder-ogg-theora: a1e56fd34408186e4bbccfd4996cb3dc -> 
  custom:container-muxer-webm: aa71ff27fc2769a1b78a27578f13a17b -> 
  custom:container-demuxer-webm: 4f35f7cbe854078d1ac9338744f61a02 -> 
  custom:container-demuxer-ogg: 62fdf1f143b41e24485cea50d1cbac27 -> 
  custom:video-encoder-webm-vp8: eb34c28f22e8b96e1ab97ce403110664 -> 
  custom:video-codec-MediaFoundation-h265: 746d11721c4dcdbdad8f713fa42b33f4 -> 
  custom:video-decoder-webm-vp8: 9c59270c3fd7afecdb556c50c9e8de78 -> 
  custom:audio-decoder-ogg-vorbis: bf7c407c2cedff20999df2af8eb42d56 -> 
  custom:audio-encoder-webm-vorbis: bf7c407c2cedff20999df2af8eb42d56 -> 
========================================================================
Received Prepare
Registering precompiled user dll's ...
Registered in 0.005450 seconds.
Begin MonoManager ReloadAssembly
Native extension for WindowsStandalone target not found
Refreshing native plugins compatible for Editor in 0.84 ms, found 3 plugins.
Preloading 0 native plugins for Editor in 0.00 ms.
Mono: successfully reloaded assembly
- Completed reload, in  1.909 seconds
Domain Reload Profiling:
	ReloadAssembly (1909ms)
		BeginReloadAssembly (214ms)
			ExecutionOrderSort (0ms)
			DisableScriptedObjects (11ms)
			BackupInstance (0ms)
			ReleaseScriptingObjects (0ms)
			CreateAndSetChildDomain (63ms)
		EndReloadAssembly (1568ms)
			LoadAssemblies (198ms)
			RebuildTransferFunctionScriptingTraits (0ms)
			SetupTypeCache (542ms)
			ReleaseScriptCaches (2ms)
			RebuildScriptCaches (81ms)
			SetupLoadedEditorAssemblies (592ms)
				LogAssemblyErrors (0ms)
				InitializePlatformSupportModulesInManaged (9ms)
				SetLoadedEditorAssemblies (1ms)
				RefreshPlugins (1ms)
				BeforeProcessingInitializeOnLoad (168ms)
				ProcessInitializeOnLoadAttributes (379ms)
				ProcessInitializeOnLoadMethodAttributes (22ms)
				AfterProcessingInitializeOnLoad (11ms)
				EditorAssembliesLoaded (0ms)
			ExecutionOrderSort2 (0ms)
			AwakeInstancesAfterBackupRestoration (9ms)
Platform modules already initialized, skipping
Refreshing native plugins compatible for Editor in 0.78 ms, found 3 plugins.
Preloading 0 native plugins for Editor in 0.00 ms.
Unloading 2014 Unused Serialized files (Serialized files now loaded: 0)
System memory in use before: 94.8 MB.
System memory in use after: 94.7 MB.

Unloading 20 unused Assets to reduce memory usage. Loaded Objects now: 2457.
Total: 5.402700 ms (FindLiveObjects: 0.197700 ms CreateObjectMapping: 0.085700 ms MarkObjects: 4.902100 ms  DeleteObjects: 0.215700 ms)

AssetImportParameters requested are different than current active one (requested -> active):
  custom:framework-win-MediaFoundation: 216162199b28c13a410421893ffa2e32 -> 
  custom:video-decoder-ogg-theora: a1e56fd34408186e4bbccfd4996cb3dc -> 
  custom:container-muxer-webm: aa71ff27fc2769a1b78a27578f13a17b -> 
  custom:container-demuxer-webm: 4f35f7cbe854078d1ac9338744f61a02 -> 
  custom:container-demuxer-ogg: 62fdf1f143b41e24485cea50d1cbac27 -> 
  custom:video-encoder-webm-vp8: eb34c28f22e8b96e1ab97ce403110664 -> 
  custom:video-codec-MediaFoundation-h265: 746d11721c4dcdbdad8f713fa42b33f4 -> 
  custom:video-decoder-webm-vp8: 9c59270c3fd7afecdb556c50c9e8de78 -> 
  custom:audio-decoder-ogg-vorbis: bf7c407c2cedff20999df2af8eb42d56 -> 
  custom:audio-encoder-webm-vorbis: bf7c407c2cedff20999df2af8eb42d56 -> 
========================================================================
Received Import Request.
  Time since last request: 52.236149 seconds.
  path: Assets/Scripts/PlayerMove.cs
  artifactKey: Guid(448065784665ea24a99f2f32f6df826f) Importer(815301076,1909f56bfc062723c751e8b465ee728b)
Start importing Assets/Scripts/PlayerMove.cs using Guid(448065784665ea24a99f2f32f6df826f) Importer(815301076,1909f56bfc062723c751e8b465ee728b)  -> (artifact id: 'c5be0b0737e57d6ad612f6911cbf4759') in 0.011299 seconds 
========================================================================
Received Import Request.
  Time since last request: 25.436381 seconds.
  path: Assets/Scripts/PlayerMove.cs
  artifactKey: Guid(448065784665ea24a99f2f32f6df826f) Importer(815301076,1909f56bfc062723c751e8b465ee728b)
Start importing Assets/Scripts/PlayerMove.cs using Guid(448065784665ea24a99f2f32f6df826f) Importer(815301076,1909f56bfc062723c751e8b465ee728b)  -> (artifact id: '5ef60d01903986eca249749944e56d20') in 0.005312 seconds 
========================================================================
Received Prepare
Registering precompiled user dll's ...
Registered in 0.003584 seconds.
Begin MonoManager ReloadAssembly
Native extension for WindowsStandalone target not found
Refreshing native plugins compatible for Editor in 0.77 ms, found 3 plugins.
Preloading 0 native plugins for Editor in 0.00 ms.
Mono: successfully reloaded assembly
- Completed reload, in  1.551 seconds
Domain Reload Profiling:
	ReloadAssembly (1551ms)
		BeginReloadAssembly (208ms)
			ExecutionOrderSort (0ms)
			DisableScriptedObjects (12ms)
			BackupInstance (0ms)
			ReleaseScriptingObjects (0ms)
			CreateAndSetChildDomain (63ms)
		EndReloadAssembly (1221ms)
			LoadAssemblies (194ms)
			RebuildTransferFunctionScriptingTraits (0ms)
			SetupTypeCache (548ms)
			ReleaseScriptCaches (2ms)
			RebuildScriptCaches (74ms)
			SetupLoadedEditorAssemblies (273ms)
				LogAssemblyErrors (0ms)
				InitializePlatformSupportModulesInManaged (10ms)
				SetLoadedEditorAssemblies (1ms)
				RefreshPlugins (1ms)
				BeforeProcessingInitializeOnLoad (99ms)
				ProcessInitializeOnLoadAttributes (150ms)
				ProcessInitializeOnLoadMethodAttributes (8ms)
				AfterProcessingInitializeOnLoad (4ms)
				EditorAssembliesLoaded (0ms)
			ExecutionOrderSort2 (0ms)
			AwakeInstancesAfterBackupRestoration (3ms)
Platform modules already initialized, skipping
Refreshing native plugins compatible for Editor in 0.38 ms, found 3 plugins.
Preloading 0 native plugins for Editor in 0.00 ms.
Unloading 2014 Unused Serialized files (Serialized files now loaded: 0)
System memory in use before: 94.8 MB.
System memory in use after: 94.7 MB.

Unloading 20 unused Assets to reduce memory usage. Loaded Objects now: 2460.
Total: 2.365700 ms (FindLiveObjects: 0.116400 ms CreateObjectMapping: 0.035400 ms MarkObjects: 2.111800 ms  DeleteObjects: 0.101500 ms)

AssetImportParameters requested are different than current active one (requested -> active):
  custom:framework-win-MediaFoundation: 216162199b28c13a410421893ffa2e32 -> 
  custom:video-decoder-ogg-theora: a1e56fd34408186e4bbccfd4996cb3dc -> 
  custom:container-muxer-webm: aa71ff27fc2769a1b78a27578f13a17b -> 
  custom:container-demuxer-webm: 4f35f7cbe854078d1ac9338744f61a02 -> 
  custom:container-demuxer-ogg: 62fdf1f143b41e24485cea50d1cbac27 -> 
  custom:video-encoder-webm-vp8: eb34c28f22e8b96e1ab97ce403110664 -> 
  custom:video-codec-MediaFoundation-h265: 746d11721c4dcdbdad8f713fa42b33f4 -> 
  custom:video-decoder-webm-vp8: 9c59270c3fd7afecdb556c50c9e8de78 -> 
  custom:audio-decoder-ogg-vorbis: bf7c407c2cedff20999df2af8eb42d56 -> 
  custom:audio-encoder-webm-vorbis: bf7c407c2cedff20999df2af8eb42d56 -> 
========================================================================
Received Prepare
Registering precompiled user dll's ...
Registered in 0.002218 seconds.
Begin MonoManager ReloadAssembly
Native extension for WindowsStandalone target not found
Refreshing native plugins compatible for Editor in 0.44 ms, found 3 plugins.
Preloading 0 native plugins for Editor in 0.00 ms.
Mono: successfully reloaded assembly
- Completed reload, in  0.877 seconds
Domain Reload Profiling:
	ReloadAssembly (877ms)
		BeginReloadAssembly (104ms)
			ExecutionOrderSort (0ms)
			DisableScriptedObjects (6ms)
			BackupInstance (0ms)
			ReleaseScriptingObjects (0ms)
			CreateAndSetChildDomain (30ms)
		EndReloadAssembly (724ms)
			LoadAssemblies (82ms)
			RebuildTransferFunctionScriptingTraits (0ms)
			SetupTypeCache (251ms)
			ReleaseScriptCaches (1ms)
			RebuildScriptCaches (49ms)
			SetupLoadedEditorAssemblies (268ms)
				LogAssemblyErrors (0ms)
				InitializePlatformSupportModulesInManaged (3ms)
				SetLoadedEditorAssemblies (0ms)
				RefreshPlugins (0ms)
				BeforeProcessingInitializeOnLoad (78ms)
				ProcessInitializeOnLoadAttributes (174ms)
				ProcessInitializeOnLoadMethodAttributes (8ms)
				AfterProcessingInitializeOnLoad (4ms)
				EditorAssembliesLoaded (0ms)
			ExecutionOrderSort2 (0ms)
			AwakeInstancesAfterBackupRestoration (4ms)
Platform modules already initialized, skipping
Refreshing native plugins compatible for Editor in 0.39 ms, found 3 plugins.
Preloading 0 native plugins for Editor in 0.00 ms.
Unloading 2014 Unused Serialized files (Serialized files now loaded: 0)
System memory in use before: 94.8 MB.
System memory in use after: 94.7 MB.

Unloading 20 unused Assets to reduce memory usage. Loaded Objects now: 2463.
Total: 2.528300 ms (FindLiveObjects: 0.173000 ms CreateObjectMapping: 0.089700 ms MarkObjects: 2.159500 ms  DeleteObjects: 0.104000 ms)

AssetImportParameters requested are different than current active one (requested -> active):
  custom:framework-win-MediaFoundation: 216162199b28c13a410421893ffa2e32 -> 
  custom:video-decoder-ogg-theora: a1e56fd34408186e4bbccfd4996cb3dc -> 
  custom:container-muxer-webm: aa71ff27fc2769a1b78a27578f13a17b -> 
  custom:container-demuxer-webm: 4f35f7cbe854078d1ac9338744f61a02 -> 
  custom:container-demuxer-ogg: 62fdf1f143b41e24485cea50d1cbac27 -> 
  custom:video-encoder-webm-vp8: eb34c28f22e8b96e1ab97ce403110664 -> 
  custom:video-codec-MediaFoundation-h265: 746d11721c4dcdbdad8f713fa42b33f4 -> 
  custom:video-decoder-webm-vp8: 9c59270c3fd7afecdb556c50c9e8de78 -> 
  custom:audio-decoder-ogg-vorbis: bf7c407c2cedff20999df2af8eb42d56 -> 
  custom:audio-encoder-webm-vorbis: bf7c407c2cedff20999df2af8eb42d56 -> 
========================================================================
Received Prepare
Registering precompiled user dll's ...
Registered in 0.002303 seconds.
Begin MonoManager ReloadAssembly
Native extension for WindowsStandalone target not found
Refreshing native plugins compatible for Editor in 0.40 ms, found 3 plugins.
Preloading 0 native plugins for Editor in 0.00 ms.
Mono: successfully reloaded assembly
- Completed reload, in  0.793 seconds
Domain Reload Profiling:
	ReloadAssembly (793ms)
		BeginReloadAssembly (97ms)
			ExecutionOrderSort (0ms)
			DisableScriptedObjects (6ms)
			BackupInstance (0ms)
			ReleaseScriptingObjects (0ms)
			CreateAndSetChildDomain (30ms)
		EndReloadAssembly (649ms)
			LoadAssemblies (82ms)
			RebuildTransferFunctionScriptingTraits (0ms)
			SetupTypeCache (224ms)
			ReleaseScriptCaches (1ms)
			RebuildScriptCaches (34ms)
			SetupLoadedEditorAssemblies (238ms)
				LogAssemblyErrors (0ms)
				InitializePlatformSupportModulesInManaged (3ms)
				SetLoadedEditorAssemblies (1ms)
				RefreshPlugins (0ms)
				BeforeProcessingInitializeOnLoad (60ms)
				ProcessInitializeOnLoadAttributes (162ms)
				ProcessInitializeOnLoadMethodAttributes (7ms)
				AfterProcessingInitializeOnLoad (4ms)
				EditorAssembliesLoaded (0ms)
			ExecutionOrderSort2 (0ms)
			AwakeInstancesAfterBackupRestoration (3ms)
Platform modules already initialized, skipping
Refreshing native plugins compatible for Editor in 0.40 ms, found 3 plugins.
Preloading 0 native plugins for Editor in 0.00 ms.
Unloading 2014 Unused Serialized files (Serialized files now loaded: 0)
System memory in use before: 94.8 MB.
System memory in use after: 94.8 MB.

Unloading 20 unused Assets to reduce memory usage. Loaded Objects now: 2466.
Total: 2.977900 ms (FindLiveObjects: 0.123600 ms CreateObjectMapping: 0.044500 ms MarkObjects: 2.709700 ms  DeleteObjects: 0.099100 ms)

AssetImportParameters requested are different than current active one (requested -> active):
  custom:framework-win-MediaFoundation: 216162199b28c13a410421893ffa2e32 -> 
  custom:video-decoder-ogg-theora: a1e56fd34408186e4bbccfd4996cb3dc -> 
  custom:container-muxer-webm: aa71ff27fc2769a1b78a27578f13a17b -> 
  custom:container-demuxer-webm: 4f35f7cbe854078d1ac9338744f61a02 -> 
  custom:container-demuxer-ogg: 62fdf1f143b41e24485cea50d1cbac27 -> 
  custom:video-encoder-webm-vp8: eb34c28f22e8b96e1ab97ce403110664 -> 
  custom:video-codec-MediaFoundation-h265: 746d11721c4dcdbdad8f713fa42b33f4 -> 
  custom:video-decoder-webm-vp8: 9c59270c3fd7afecdb556c50c9e8de78 -> 
  custom:audio-decoder-ogg-vorbis: bf7c407c2cedff20999df2af8eb42d56 -> 
  custom:audio-encoder-webm-vorbis: bf7c407c2cedff20999df2af8eb42d56 -> 
========================================================================
Received Prepare
Registering precompiled user dll's ...
Registered in 0.005318 seconds.
Begin MonoManager ReloadAssembly
Native extension for WindowsStandalone target not found
Refreshing native plugins compatible for Editor in 0.79 ms, found 3 plugins.
Preloading 0 native plugins for Editor in 0.00 ms.
Mono: successfully reloaded assembly
- Completed reload, in  1.890 seconds
Domain Reload Profiling:
	ReloadAssembly (1891ms)
		BeginReloadAssembly (219ms)
			ExecutionOrderSort (0ms)
			DisableScriptedObjects (15ms)
			BackupInstance (0ms)
			ReleaseScriptingObjects (0ms)
			CreateAndSetChildDomain (63ms)
		EndReloadAssembly (1552ms)
			LoadAssemblies (199ms)
			RebuildTransferFunctionScriptingTraits (0ms)
			SetupTypeCache (532ms)
			ReleaseScriptCaches (2ms)
			RebuildScriptCaches (84ms)
			SetupLoadedEditorAssemblies (590ms)
				LogAssemblyErrors (0ms)
				InitializePlatformSupportModulesInManaged (9ms)
				SetLoadedEditorAssemblies (1ms)
				RefreshPlugins (1ms)
				BeforeProcessingInitializeOnLoad (163ms)
				ProcessInitializeOnLoadAttributes (383ms)
				ProcessInitializeOnLoadMethodAttributes (22ms)
				AfterProcessingInitializeOnLoad (11ms)
				EditorAssembliesLoaded (0ms)
			ExecutionOrderSort2 (0ms)
			AwakeInstancesAfterBackupRestoration (8ms)
Platform modules already initialized, skipping
Refreshing native plugins compatible for Editor in 0.82 ms, found 3 plugins.
Preloading 0 native plugins for Editor in 0.00 ms.
Unloading 2014 Unused Serialized files (Serialized files now loaded: 0)
System memory in use before: 94.8 MB.
System memory in use after: 94.8 MB.

Unloading 20 unused Assets to reduce memory usage. Loaded Objects now: 2469.
Total: 5.407700 ms (FindLiveObjects: 0.189500 ms CreateObjectMapping: 0.081000 ms MarkObjects: 4.900600 ms  DeleteObjects: 0.234700 ms)

AssetImportParameters requested are different than current active one (requested -> active):
  custom:framework-win-MediaFoundation: 216162199b28c13a410421893ffa2e32 -> 
  custom:video-decoder-ogg-theora: a1e56fd34408186e4bbccfd4996cb3dc -> 
  custom:container-muxer-webm: aa71ff27fc2769a1b78a27578f13a17b -> 
  custom:container-demuxer-webm: 4f35f7cbe854078d1ac9338744f61a02 -> 
  custom:container-demuxer-ogg: 62fdf1f143b41e24485cea50d1cbac27 -> 
  custom:video-encoder-webm-vp8: eb34c28f22e8b96e1ab97ce403110664 -> 
  custom:video-codec-MediaFoundation-h265: 746d11721c4dcdbdad8f713fa42b33f4 -> 
  custom:video-decoder-webm-vp8: 9c59270c3fd7afecdb556c50c9e8de78 -> 
  custom:audio-decoder-ogg-vorbis: bf7c407c2cedff20999df2af8eb42d56 -> 
  custom:audio-encoder-webm-vorbis: bf7c407c2cedff20999df2af8eb42d56 -> 
========================================================================
Received Import Request.
  Time since last request: 252.985033 seconds.
  path: Assets/Animation/Gold.controller
  artifactKey: Guid(ecccbc398b7ab62479f80ace65cc201a) Importer(815301076,1909f56bfc062723c751e8b465ee728b)
Start importing Assets/Animation/Gold.controller using Guid(ecccbc398b7ab62479f80ace65cc201a) Importer(815301076,1909f56bfc062723c751e8b465ee728b)  -> (artifact id: '0e34f19dd09ec6ac6f642174ce7f2605') in 0.790795 seconds 
========================================================================
Received Import Request.
  Time since last request: 0.013715 seconds.
  path: Assets/Simple 2D Platformer BE2/ReadMe/Scripts/Editor/ReadmeEditorBE2.cs
  artifactKey: Guid(476cc7d7cd9874016adc216baab94a0a) Importer(815301076,1909f56bfc062723c751e8b465ee728b)
Start importing Assets/Simple 2D Platformer BE2/ReadMe/Scripts/Editor/ReadmeEditorBE2.cs using Guid(476cc7d7cd9874016adc216baab94a0a) Importer(815301076,1909f56bfc062723c751e8b465ee728b)  -> (artifact id: 'cf3c5fd3a690461c3d7b76fe16c8b235') in 0.006016 seconds 
========================================================================
Received Import Request.
  Time since last request: 0.003436 seconds.
  path: Assets/Simple 2D Platformer BE2/ReadMe/Scripts/ReadmeBE2.cs
  artifactKey: Guid(fcf7219bab7fe46a1ad266029b2fee19) Importer(815301076,1909f56bfc062723c751e8b465ee728b)
Start importing Assets/Simple 2D Platformer BE2/ReadMe/Scripts/ReadmeBE2.cs using Guid(fcf7219bab7fe46a1ad266029b2fee19) Importer(815301076,1909f56bfc062723c751e8b465ee728b)  -> (artifact id: 'e497d38ed44dae7abc79e0e28091ca66') in 0.007110 seconds 
========================================================================
Received Import Request.
  Time since last request: 0.012604 seconds.
  path: Assets/TileMap/Single Left.asset
  artifactKey: Guid(9f652cdbaae709e408404215dd241604) Importer(815301076,1909f56bfc062723c751e8b465ee728b)
Start importing Assets/TileMap/Single Left.asset using Guid(9f652cdbaae709e408404215dd241604) Importer(815301076,1909f56bfc062723c751e8b465ee728b)  -> (artifact id: '7b5d48536c6ebcc00efa1b6d5b315633') in 0.053127 seconds 
========================================================================
Received Import Request.
  Time since last request: 0.004428 seconds.
  path: Assets/Animation/Player.controller
  artifactKey: Guid(30717cfb108dc734aa87456019bd943d) Importer(815301076,1909f56bfc062723c751e8b465ee728b)
Start importing Assets/Animation/Player.controller using Guid(30717cfb108dc734aa87456019bd943d) Importer(815301076,1909f56bfc062723c751e8b465ee728b)  -> (artifact id: '27d41356ac8a18469210b4eedcaf0819') in 0.017093 seconds 
========================================================================
Received Import Request.
  Time since last request: 0.004300 seconds.
  path: Assets/TileMap/Top Right.asset
  artifactKey: Guid(9c3e6f346a571cc4e9bae04007608514) Importer(815301076,1909f56bfc062723c751e8b465ee728b)
Start importing Assets/TileMap/Top Right.asset using Guid(9c3e6f346a571cc4e9bae04007608514) Importer(815301076,1909f56bfc062723c751e8b465ee728b)  -> (artifact id: 'f35ca6e636786ec9f6e377331597ecff') in 0.011392 seconds 
========================================================================
Received Import Request.
  Time since last request: 0.005554 seconds.
  path: Assets/TileMap/Single Right.asset
  artifactKey: Guid(a79b756c5c0f88949b1ad7e9c2311c78) Importer(815301076,1909f56bfc062723c751e8b465ee728b)
Start importing Assets/TileMap/Single Right.asset using Guid(a79b756c5c0f88949b1ad7e9c2311c78) Importer(815301076,1909f56bfc062723c751e8b465ee728b)  -> (artifact id: '9a77407dbf70b12e0c4e4575910fd0b1') in 0.014491 seconds 
========================================================================
Received Import Request.
  Time since last request: 0.003573 seconds.
  path: Assets/Animation/Run.anim
  artifactKey: Guid(4000572a3ee3f3b44b8cd05f6d1bd54c) Importer(815301076,1909f56bfc062723c751e8b465ee728b)
Start importing Assets/Animation/Run.anim using Guid(4000572a3ee3f3b44b8cd05f6d1bd54c) Importer(815301076,1909f56bfc062723c751e8b465ee728b)  -> (artifact id: '268fa32ae988bd29b57b38a916642ef4') in 0.014762 seconds 
========================================================================
Received Import Request.
  Time since last request: 0.003446 seconds.
  path: Assets/TileMap/Slope Under Right.asset
  artifactKey: Guid(bd015f411159b244fa388bdc45087544) Importer(815301076,1909f56bfc062723c751e8b465ee728b)
Start importing Assets/TileMap/Slope Under Right.asset using Guid(bd015f411159b244fa388bdc45087544) Importer(815301076,1909f56bfc062723c751e8b465ee728b)  -> (artifact id: '92f8fe9d9ad908752cac62a296587dc5') in 0.013999 seconds 
========================================================================
Received Import Request.
  Time since last request: 0.006201 seconds.
  path: Assets/TileMap/Bottom Left.asset
  artifactKey: Guid(18ef26ffe12bb5d45a3c05004440ef5d) Importer(815301076,1909f56bfc062723c751e8b465ee728b)
Start importing Assets/TileMap/Bottom Left.asset using Guid(18ef26ffe12bb5d45a3c05004440ef5d) Importer(815301076,1909f56bfc062723c751e8b465ee728b)  -> (artifact id: '3c4f49f0f4509d0a9f4b69dea2faa2a3') in 0.013057 seconds 
========================================================================
Received Import Request.
  Time since last request: 0.004045 seconds.
  path: Assets/Simple 2D Platformer BE2/Demo/Demo.unity
  artifactKey: Guid(3a25811d9b7b5fa4da6d5077a40cdc20) Importer(815301076,1909f56bfc062723c751e8b465ee728b)
Start importing Assets/Simple 2D Platformer BE2/Demo/Demo.unity using Guid(3a25811d9b7b5fa4da6d5077a40cdc20) Importer(815301076,1909f56bfc062723c751e8b465ee728b)  -> (artifact id: '80e39b943abe1eec71cd94cfb82cb098') in 0.009575 seconds 
========================================================================
Received Import Request.
  Time since last request: 0.005986 seconds.
  path: Assets/TileMap/Slope Right.asset
  artifactKey: Guid(deab488abe832934d8c0e4ce6b27ce7c) Importer(815301076,1909f56bfc062723c751e8b465ee728b)
Start importing Assets/TileMap/Slope Right.asset using Guid(deab488abe832934d8c0e4ce6b27ce7c) Importer(815301076,1909f56bfc062723c751e8b465ee728b)  -> (artifact id: 'cf3907e37b3af3b59fb7750d6dea2315') in 0.014110 seconds 
========================================================================
Received Import Request.
  Time since last request: 0.003849 seconds.
  path: Assets/TileMap
  artifactKey: Guid(813005302b3278b43b65965c3ec4bdad) Importer(815301076,1909f56bfc062723c751e8b465ee728b)
Start importing Assets/TileMap using Guid(813005302b3278b43b65965c3ec4bdad) Importer(815301076,1909f56bfc062723c751e8b465ee728b)  -> (artifact id: '490fc69b0bb8a14fd77ed1c4d211804e') in 0.010340 seconds 
========================================================================
Received Import Request.
  Time since last request: 0.003135 seconds.
  path: Assets/Animation/Jump.anim
  artifactKey: Guid(157716afde7277c4cb6b78140c2b8780) Importer(815301076,1909f56bfc062723c751e8b465ee728b)
Start importing Assets/Animation/Jump.anim using Guid(157716afde7277c4cb6b78140c2b8780) Importer(815301076,1909f56bfc062723c751e8b465ee728b)  -> (artifact id: '0d09a873c81eb9591b845bcd9b165af4') in 0.009742 seconds 
========================================================================
Received Import Request.
  Time since last request: 0.006228 seconds.
  path: Assets/Animation/EnemyRun.anim
  artifactKey: Guid(20bd4c42524fda540a5b5c1c7ca013ae) Importer(815301076,1909f56bfc062723c751e8b465ee728b)
Start importing Assets/Animation/EnemyRun.anim using Guid(20bd4c42524fda540a5b5c1c7ca013ae) Importer(815301076,1909f56bfc062723c751e8b465ee728b)  -> (artifact id: 'f4d8a60df973e4a50bbdd2a874ceea1b') in 0.011888 seconds 
========================================================================
Received Import Request.
  Time since last request: 0.011250 seconds.
  path: Assets/Scenes/SampleScene.unity
  artifactKey: Guid(2cda990e2423bbf4892e6590ba056729) Importer(815301076,1909f56bfc062723c751e8b465ee728b)
Start importing Assets/Scenes/SampleScene.unity using Guid(2cda990e2423bbf4892e6590ba056729) Importer(815301076,1909f56bfc062723c751e8b465ee728b)  -> (artifact id: '3a90ccdfa400fb6e331989e17d4ae7d6') in 0.009396 seconds 
========================================================================
Received Import Request.
  Time since last request: 0.003273 seconds.
  path: Assets/TileMap/Bottom.asset
  artifactKey: Guid(496770377d2d53a4b9e564ef995f5314) Importer(815301076,1909f56bfc062723c751e8b465ee728b)
Start importing Assets/TileMap/Bottom.asset using Guid(496770377d2d53a4b9e564ef995f5314) Importer(815301076,1909f56bfc062723c751e8b465ee728b)  -> (artifact id: '14556fc04f30131586ebec8183acece2') in 0.012708 seconds 
========================================================================
Received Import Request.
  Time since last request: 0.004766 seconds.
  path: Assets/TileMap/Platform Palette.prefab
  artifactKey: Guid(70710b7bd3324cd46900d72b5183f22a) Importer(815301076,1909f56bfc062723c751e8b465ee728b)
Start importing Assets/TileMap/Platform Palette.prefab using Guid(70710b7bd3324cd46900d72b5183f22a) Importer(815301076,1909f56bfc062723c751e8b465ee728b)  -> (artifact id: '788242a0fa0e8c8c3cd63acd4c608597') in 0.045690 seconds 
========================================================================
Received Import Request.
  Time since last request: 0.015380 seconds.
  path: Assets/TileMap/Slope Under Left.asset
  artifactKey: Guid(6de5956ea8c38b64f888b33735b01010) Importer(815301076,1909f56bfc062723c751e8b465ee728b)
Start importing Assets/TileMap/Slope Under Left.asset using Guid(6de5956ea8c38b64f888b33735b01010) Importer(815301076,1909f56bfc062723c751e8b465ee728b)  -> (artifact id: '22f4849b70c5435f18353cc2bd6bd3d3') in 0.014756 seconds 
========================================================================
Received Import Request.
  Time since last request: 0.005195 seconds.
  path: Assets/TileMap/Middle Right.asset
  artifactKey: Guid(59395139b6ebb1544a9e30e418745d3b) Importer(815301076,1909f56bfc062723c751e8b465ee728b)
Start importing Assets/TileMap/Middle Right.asset using Guid(59395139b6ebb1544a9e30e418745d3b) Importer(815301076,1909f56bfc062723c751e8b465ee728b)  -> (artifact id: '45a24a8c50b4090b0d10919ad287bb55') in 0.015811 seconds 
========================================================================
Received Import Request.
  Time since last request: 0.004520 seconds.
  path: Assets/Animation/EnemyStop.anim
  artifactKey: Guid(9f31bff613808f14f8c68a1c2803d159) Importer(815301076,1909f56bfc062723c751e8b465ee728b)
Start importing Assets/Animation/EnemyStop.anim using Guid(9f31bff613808f14f8c68a1c2803d159) Importer(815301076,1909f56bfc062723c751e8b465ee728b)  -> (artifact id: '3d018bd519bac2c5ca8a2011804b0610') in 0.011048 seconds 
========================================================================
Received Import Request.
  Time since last request: 0.007095 seconds.
  path: Assets/TileMap/Top.asset
  artifactKey: Guid(b0198df75cefbd74892e74a8c9945c66) Importer(815301076,1909f56bfc062723c751e8b465ee728b)
Start importing Assets/TileMap/Top.asset using Guid(b0198df75cefbd74892e74a8c9945c66) Importer(815301076,1909f56bfc062723c751e8b465ee728b)  -> (artifact id: '739cec113d947de77715037a30e1c09d') in 0.015810 seconds 
========================================================================
Received Import Request.
  Time since last request: 0.003963 seconds.
  path: Assets/Animation/Enemy.controller
  artifactKey: Guid(a41c22747d1f0ee4b8555f96c4107f1b) Importer(815301076,1909f56bfc062723c751e8b465ee728b)
Start importing Assets/Animation/Enemy.controller using Guid(a41c22747d1f0ee4b8555f96c4107f1b) Importer(815301076,1909f56bfc062723c751e8b465ee728b)  -> (artifact id: 'fa04df7937073da353650fa2f2178ba7') in 0.007690 seconds 
========================================================================
Received Import Request.
  Time since last request: 0.003684 seconds.
  path: Assets/TileMap/Bottom Right.asset
  artifactKey: Guid(519df48dddbfcbe4d8f0e910219bb6db) Importer(815301076,1909f56bfc062723c751e8b465ee728b)
Start importing Assets/TileMap/Bottom Right.asset using Guid(519df48dddbfcbe4d8f0e910219bb6db) Importer(815301076,1909f56bfc062723c751e8b465ee728b)  -> (artifact id: 'ba27705df6882ac9d68b6fff1e5b5433') in 0.012867 seconds 
========================================================================
Received Import Request.
  Time since last request: 0.007127 seconds.
  path: Assets/TileMap/Middle Left.asset
  artifactKey: Guid(fe87a4bf88fc8734cab61f8ccb4aca00) Importer(815301076,1909f56bfc062723c751e8b465ee728b)
Start importing Assets/TileMap/Middle Left.asset using Guid(fe87a4bf88fc8734cab61f8ccb4aca00) Importer(815301076,1909f56bfc062723c751e8b465ee728b)  -> (artifact id: '9d682feb716346ea5bcfe2076763b0a9') in 0.017457 seconds 
========================================================================
Received Import Request.
  Time since last request: 0.004857 seconds.
  path: Assets/Animation/GoldTurn.anim
  artifactKey: Guid(08cb9b50ece771a4aa2306419b87553a) Importer(815301076,1909f56bfc062723c751e8b465ee728b)
Start importing Assets/Animation/GoldTurn.anim using Guid(08cb9b50ece771a4aa2306419b87553a) Importer(815301076,1909f56bfc062723c751e8b465ee728b)  -> (artifact id: 'c8e5847789a3f6c14d5cbf5eb40b64bf') in 0.012587 seconds 
========================================================================
Received Import Request.
  Time since last request: 0.002537 seconds.
  path: Assets/Animation/stop.anim
  artifactKey: Guid(42b54b3d21262ad4abdddca17048d5b7) Importer(815301076,1909f56bfc062723c751e8b465ee728b)
Start importing Assets/Animation/stop.anim using Guid(42b54b3d21262ad4abdddca17048d5b7) Importer(815301076,1909f56bfc062723c751e8b465ee728b)  -> (artifact id: '94499837e28512ed0144f9da8fa32aab') in 0.012721 seconds 
========================================================================
Received Import Request.
  Time since last request: 0.014954 seconds.
  path: Assets/TileMap/Top Left.asset
  artifactKey: Guid(af4e9efbe018b434bb0b7da4b244eaf8) Importer(815301076,1909f56bfc062723c751e8b465ee728b)
Start importing Assets/TileMap/Top Left.asset using Guid(af4e9efbe018b434bb0b7da4b244eaf8) Importer(815301076,1909f56bfc062723c751e8b465ee728b)  -> (artifact id: '227a251c54eed32eb05befd64bca95d0') in 0.017535 seconds 
========================================================================
Received Import Request.
  Time since last request: 0.003858 seconds.
  path: Assets/TileMap/Single.asset
  artifactKey: Guid(d14222c59262d8c4fb6e510c2bf571a8) Importer(815301076,1909f56bfc062723c751e8b465ee728b)
Start importing Assets/TileMap/Single.asset using Guid(d14222c59262d8c4fb6e510c2bf571a8) Importer(815301076,1909f56bfc062723c751e8b465ee728b)  -> (artifact id: 'f684f74b25156fa9369958f968cb724a') in 0.014392 seconds 
========================================================================
Received Import Request.
  Time since last request: 0.003876 seconds.
  path: Assets/TileMap/Middle.asset
  artifactKey: Guid(a7c0fe946292f8c48a6cfff1be415854) Importer(815301076,1909f56bfc062723c751e8b465ee728b)
Start importing Assets/TileMap/Middle.asset using Guid(a7c0fe946292f8c48a6cfff1be415854) Importer(815301076,1909f56bfc062723c751e8b465ee728b)  -> (artifact id: '0c11b3a1bb67f48ab69b04cb282593ef') in 0.014239 seconds 
========================================================================
Received Import Request.
  Time since last request: 0.003770 seconds.
  path: Assets/TileMap/Slope Left.asset
  artifactKey: Guid(bcd5931429dea60488d7d0bb1abe3686) Importer(815301076,1909f56bfc062723c751e8b465ee728b)
Start importing Assets/TileMap/Slope Left.asset using Guid(bcd5931429dea60488d7d0bb1abe3686) Importer(815301076,1909f56bfc062723c751e8b465ee728b)  -> (artifact id: 'dfe8653c26ecfcc9f1056ad7f9bc947c') in 0.017682 seconds 
AssetImportWorkerClient::OnTransportError - code=2 error=End of file
